<?xml version="1.0" encoding="UTF-8"?>
<!-- Generated by org.testng.reporters.JUnitReportReporter -->
<testsuite skipped="0" hostname="LAPTOP-1T65L8Q1" name="StepDefinitions.TestRunnerClass" tests="1" failures="0" timestamp="2022-03-22T23:12:11 IST" time="36.653" errors="0">
  <testcase name="runScenario" time="36.653" classname="StepDefinitions.TestRunnerClass"/>
  <system-out/>
</testsuite> <!-- StepDefinitions.TestRunnerClass -->
